Using pre-set license
Built from '2020.3/release' branch; Version is '2020.3.12f1 (b3b2c6512326) revision 11776710'; Using compiler version '192528614'; Build Type 'Release'
OS: 'Windows 10 Pro; OS build 19042.1052; Version 2009; 64bit' Language: 'en' Physical Memory: 16246 MB
BatchMode: 1, IsHumanControllingUs: 0, StartBugReporterOnCrash: 0, Is64bit: 1, IsPro: 0

 COMMAND LINE ARGUMENTS:
C:\Unity\2020.3.12f\Unity\Editor\Unity.exe
-adb2
-batchMode
-noUpm
-name
AssetImportWorker0
-projectPath
C:/Users/Admin/UnityProjects/Git/Mentlix
-logFile
Logs/AssetImportWorker0.log
-srvPort
52865
Successfully changed project path to: C:/Users/Admin/UnityProjects/Git/Mentlix
C:/Users/Admin/UnityProjects/Git/Mentlix
Using Asset Import Pipeline V2.
Refreshing native plugins compatible for Editor in 54.66 ms, found 5 plugins.
Preloading 0 native plugins for Editor in 0.00 ms.
Initialize engine version: 2020.3.12f1 (b3b2c6512326)
[Subsystems] Discovering subsystems at path C:/Unity/2020.3.12f/Unity/Editor/Data/Resources/UnitySubsystems
[Subsystems] Discovering subsystems at path C:/Users/Admin/UnityProjects/Git/Mentlix/Assets
GfxDevice: creating device client; threaded=0
Direct3D:
    Version:  Direct3D 11.0 [level 11.1]
    Renderer: NVIDIA GeForce GTX 1660 (ID=0x2184)
    Vendor:   
    VRAM:     5991 MB
    Driver:   27.21.14.6647
Initialize mono
Mono path[0] = 'C:/Unity/2020.3.12f/Unity/Editor/Data/Managed'
Mono path[1] = 'C:/Unity/2020.3.12f/Unity/Editor/Data/MonoBleedingEdge/lib/mono/unityjit'
Mono config path = 'C:/Unity/2020.3.12f/Unity/Editor/Data/MonoBleedingEdge/etc'
Using monoOptions --debugger-agent=transport=dt_socket,embedding=1,server=y,suspend=n,address=127.0.0.1:56892
Begin MonoManager ReloadAssembly
Registering precompiled unity dll's ...
Register platform support module: C:/Unity/2020.3.12f/Unity/Editor/Data/PlaybackEngines/WindowsStandaloneSupport/UnityEditor.WindowsStandalone.Extensions.dll
Registered in 0.001570 seconds.
Native extension for WindowsStandalone target not found
Refreshing native plugins compatible for Editor in 28.20 ms, found 5 plugins.
Preloading 0 native plugins for Editor in 0.00 ms.
Mono: successfully reloaded assembly
- Completed reload, in  0.842 seconds
Platform modules already initialized, skipping
Registering precompiled user dll's ...
Registered in 0.012866 seconds.
Begin MonoManager ReloadAssembly
Native extension for WindowsStandalone target not found
Refreshing native plugins compatible for Editor in 0.97 ms, found 5 plugins.
Preloading 0 native plugins for Editor in 0.00 ms.
Mono: successfully reloaded assembly
- Completed reload, in  0.882 seconds
Platform modules already initialized, skipping
========================================================================
Worker process is ready to serve import requests
Launched and connected shader compiler UnityShaderCompiler.exe after 0.06 seconds
Refreshing native plugins compatible for Editor in 0.90 ms, found 5 plugins.
Preloading 0 native plugins for Editor in 0.00 ms.
Unloading 1622 Unused Serialized files (Serialized files now loaded: 0)
System memory in use before: 72.8 MB.
System memory in use after: 72.9 MB.

Unloading 153 unused Assets to reduce memory usage. Loaded Objects now: 1960.
Total: 1.664300 ms (FindLiveObjects: 0.127100 ms CreateObjectMapping: 0.042300 ms MarkObjects: 1.424300 ms  DeleteObjects: 0.069900 ms)

AssetImportParameters requested are different than current active one (requested -> active):
  custom:framework-win-MediaFoundation: 216162199b28c13a410421893ffa2e32 -> 
  custom:video-decoder-ogg-theora: a1e56fd34408186e4bbccfd4996cb3dc -> 
  custom:container-muxer-webm: aa71ff27fc2769a1b78a27578f13a17b -> 
  custom:container-demuxer-webm: 4f35f7cbe854078d1ac9338744f61a02 -> 
  custom:container-demuxer-ogg: 62fdf1f143b41e24485cea50d1cbac27 -> 
  custom:video-encoder-webm-vp8: eb34c28f22e8b96e1ab97ce403110664 -> 
  custom:video-decoder-webm-vp8: 9c59270c3fd7afecdb556c50c9e8de78 -> 
  custom:audio-decoder-ogg-vorbis: bf7c407c2cedff20999df2af8eb42d56 -> 
  custom:audio-encoder-webm-vorbis: bf7c407c2cedff20999df2af8eb42d56 -> 
========================================================================
Received Import Request.
  path: Assets/Firebase/Plugins
  artifactKey: Guid(d8ef314cd70980746b007899ef5d4a66) Importer(815301076,1909f56bfc062723c751e8b465ee728b)
Start importing Assets/Firebase/Plugins using Guid(d8ef314cd70980746b007899ef5d4a66) Importer(815301076,1909f56bfc062723c751e8b465ee728b)  -> (artifact id: '5f5ce98414ca1ec5d21f5f9dc40a4858') in 0.008074 seconds 
  Import took 0.010135 seconds .

========================================================================
Received Import Request.
  Time since last request: 12.876959 seconds.
  path: Assets/Firebase/Plugins/x86_64
  artifactKey: Guid(3ff73a217cbcda84bac57719ddd16ec5) Importer(815301076,1909f56bfc062723c751e8b465ee728b)
Start importing Assets/Firebase/Plugins/x86_64 using Guid(3ff73a217cbcda84bac57719ddd16ec5) Importer(815301076,1909f56bfc062723c751e8b465ee728b)  -> (artifact id: '2978d3c753e610cf577622bfb1cfdfac') in 0.006925 seconds 
  Import took 0.008915 seconds .

========================================================================
Received Import Request.
  Time since last request: 8.205134 seconds.
  path: Assets/Firebase/Plugins/x86_64/FirebaseCppApp-8_0_0.so
  artifactKey: Guid(de8a9403a0ee4a29a6a13013ac154ffa) Importer(815301076,1909f56bfc062723c751e8b465ee728b)
Start importing Assets/Firebase/Plugins/x86_64/FirebaseCppApp-8_0_0.so using Guid(de8a9403a0ee4a29a6a13013ac154ffa) Importer(815301076,1909f56bfc062723c751e8b465ee728b)  -> (artifact id: '39c0717d5e2ab0166cbb6ec2a76abbd1') in 0.028390 seconds 
  Import took 0.030530 seconds .

========================================================================
Received Import Request.
  Time since last request: 0.017785 seconds.
  path: Assets/Firebase/Plugins/x86_64/FirebaseCppApp-8_0_0.so
  artifactKey: Guid(de8a9403a0ee4a29a6a13013ac154ffa) Importer(815301076,1909f56bfc062723c751e8b465ee728b)
Start importing Assets/Firebase/Plugins/x86_64/FirebaseCppApp-8_0_0.so using Guid(de8a9403a0ee4a29a6a13013ac154ffa) Importer(815301076,1909f56bfc062723c751e8b465ee728b)  -> (artifact id: '39c0717d5e2ab0166cbb6ec2a76abbd1') in 0.001862 seconds 
  Import took 0.003968 seconds .

========================================================================
Received Import Request.
  Time since last request: 0.829609 seconds.
  path: Assets/Firebase/Plugins/x86_64/FirebaseCppApp-8_0_0.dll
  artifactKey: Guid(4cba8f5e0a4b436382e025602ea0c436) Importer(815301076,1909f56bfc062723c751e8b465ee728b)
Start importing Assets/Firebase/Plugins/x86_64/FirebaseCppApp-8_0_0.dll using Guid(4cba8f5e0a4b436382e025602ea0c436) Importer(815301076,1909f56bfc062723c751e8b465ee728b)  -> (artifact id: '9e4d6946a09be1444b6d67124c54fbdc') in 0.005154 seconds 
  Import took 0.007774 seconds .

========================================================================
Received Import Request.
  Time since last request: 0.971124 seconds.
  path: Assets/Firebase/Plugins/x86_64/FirebaseCppApp-8_0_0.bundle
  artifactKey: Guid(8eee7073d8714ef5a88ce7eacd43f23d) Importer(815301076,1909f56bfc062723c751e8b465ee728b)
Start importing Assets/Firebase/Plugins/x86_64/FirebaseCppApp-8_0_0.bundle using Guid(8eee7073d8714ef5a88ce7eacd43f23d) Importer(815301076,1909f56bfc062723c751e8b465ee728b)  -> (artifact id: '556c5de692d3178476d8abbed5ce7bfb') in 0.002779 seconds 
  Import took 0.004766 seconds .

========================================================================
Received Import Request.
  Time since last request: 0.001278 seconds.
  path: Assets/Firebase/Plugins/x86_64/FirebaseCppApp-8_0_0.bundle
  artifactKey: Guid(8eee7073d8714ef5a88ce7eacd43f23d) Importer(815301076,1909f56bfc062723c751e8b465ee728b)
Start importing Assets/Firebase/Plugins/x86_64/FirebaseCppApp-8_0_0.bundle using Guid(8eee7073d8714ef5a88ce7eacd43f23d) Importer(815301076,1909f56bfc062723c751e8b465ee728b)  -> (artifact id: '556c5de692d3178476d8abbed5ce7bfb') in 0.001791 seconds 
  Import took 0.003770 seconds .

AssetImportWorkerClient::OnTransportError - code=2 error=End of file
